[  1/17] AdvancedExampleCasedContactThermoElasticWellbore  9.89/10
[  2/17] AdvancedExampleDeviatedElasticWellbore  9.98/10
[  3/17] AdvancedExampleDruckerPrager  9.59/10
[  4/17] AdvancedExampleExtendedDruckerPrager  5.33/10
[  5/17] AdvancedExampleModifiedCamClay  5.87/10
[  6/17] AdvancedExampleViscoDruckerPrager  9.42/10
[  7/17] ExampleDPWellbore  9.45/10
[  8/17] ExampleEDPWellbore  4.20/10
[  9/17] ExampleIsothermalLeakyWell  9.93/10
[ 10/17] ExampleMandel  9.71/10
[ 11/17] ExampleThermalLeakyWell  9.62/10
[ 12/17] ExampleThermoporoelasticConsolidation  9.32/10
[ 13/17] TutorialPoroelasticity  4.26/10
[ 14/17] TutorialSneddon  9.33/10
[ 15/17] buckleyLeverettProblem  9.69/10
[ 16/17] kgdExperimentValidation  9.20/10
[ 17/17] pknViscosityDominated  4.04/10

============================================================
  Batch evaluation: 17/17 succeeded
============================================================
  Scored-only     overall_score mean: 8.166  (median 9.420, range 4.04-9.98)
  Failures-as-0   overall_score mean: 8.166
  Scored-only     treesim       mean: 0.817
  Failures-as-0   treesim       mean: 0.817
  Pass ≥7: 12/17 (of scored)

   9.98/10  AdvancedExampleDeviatedElasticWellbore  treesim=0.998
   9.93/10  ExampleIsothermalLeakyWell  treesim=0.993
   9.89/10  AdvancedExampleCasedContactThermoElasticWellbore  treesim=0.989
   9.71/10  ExampleMandel  treesim=0.971
   9.69/10  buckleyLeverettProblem  treesim=0.969
   9.62/10  ExampleThermalLeakyWell  treesim=0.962
   9.59/10  AdvancedExampleDruckerPrager  treesim=0.959
   9.45/10  ExampleDPWellbore  treesim=0.945
   9.42/10  AdvancedExampleViscoDruckerPrager  treesim=0.942
   9.33/10  TutorialSneddon  treesim=0.933
   9.32/10  ExampleThermoporoelasticConsolidation  treesim=0.932
   9.20/10  kgdExperimentValidation  treesim=0.920
   5.87/10  AdvancedExampleModifiedCamClay  treesim=0.587
   5.33/10  AdvancedExampleExtendedDruckerPrager  treesim=0.533
   4.26/10  TutorialPoroelasticity  treesim=0.426
   4.20/10  ExampleEDPWellbore  treesim=0.420
   4.04/10  pknViscosityDominated  treesim=0.404

Wrote misc/memory_artifacts/scores/mem_m1g_s1_summary.json
