[  1/17] AdvancedExampleCasedContactThermoElasticWellbore  9.82/10
[  2/17] AdvancedExampleDeviatedElasticWellbore  9.68/10
[  3/17] AdvancedExampleDruckerPrager  10.00/10
[  4/17] AdvancedExampleExtendedDruckerPrager  9.52/10
[  5/17] AdvancedExampleModifiedCamClay  10.00/10
[  6/17] AdvancedExampleViscoDruckerPrager  9.11/10
[  7/17] ExampleDPWellbore  9.80/10
[  8/17] ExampleEDPWellbore  9.69/10
[  9/17] ExampleIsothermalLeakyWell  8.71/10
[ 10/17] ExampleMandel  0.00/10
[ 11/17] ExampleThermalLeakyWell  9.67/10
[ 12/17] ExampleThermoporoelasticConsolidation  9.00/10
[ 13/17] TutorialPoroelasticity  9.45/10
[ 14/17] TutorialSneddon  2.99/10
[ 15/17] buckleyLeverettProblem  5.06/10
[ 16/17] kgdExperimentValidation  0.54/10
[ 17/17] pknViscosityDominated  10.00/10

============================================================
  Batch evaluation: 17/17 succeeded
============================================================
  Scored-only     overall_score mean: 7.826  (median 9.520, range 0.00-10.00)
  Failures-as-0   overall_score mean: 7.826
  Scored-only     treesim       mean: 0.783
  Failures-as-0   treesim       mean: 0.783
  Pass ≥7: 13/17 (of scored)

  10.00/10  AdvancedExampleDruckerPrager  treesim=1.000
  10.00/10  AdvancedExampleModifiedCamClay  treesim=1.000
  10.00/10  pknViscosityDominated  treesim=1.000
   9.82/10  AdvancedExampleCasedContactThermoElasticWellbore  treesim=0.982
   9.80/10  ExampleDPWellbore  treesim=0.980
   9.69/10  ExampleEDPWellbore  treesim=0.969
   9.68/10  AdvancedExampleDeviatedElasticWellbore  treesim=0.968
   9.67/10  ExampleThermalLeakyWell  treesim=0.967
   9.52/10  AdvancedExampleExtendedDruckerPrager  treesim=0.952
   9.45/10  TutorialPoroelasticity  treesim=0.945
   9.11/10  AdvancedExampleViscoDruckerPrager  treesim=0.911
   9.00/10  ExampleThermoporoelasticConsolidation  treesim=0.900
   8.71/10  ExampleIsothermalLeakyWell  treesim=0.871
   5.06/10  buckleyLeverettProblem  treesim=0.506
   2.99/10  TutorialSneddon  treesim=0.299
   0.54/10  kgdExperimentValidation  treesim=0.054
   0.00/10  ExampleMandel  treesim=0.000

Wrote misc/memory_artifacts/scores/mem_m1u_s2_summary.json
