[  1/17] AdvancedExampleCasedContactThermoElasticWellbore  0.45/10
[  2/17] AdvancedExampleDeviatedElasticWellbore  0.23/10
[  3/17] AdvancedExampleDruckerPrager  5.67/10
[  4/17] AdvancedExampleExtendedDruckerPrager  4.65/10
[  5/17] AdvancedExampleModifiedCamClay  10.00/10
[  6/17] AdvancedExampleViscoDruckerPrager  5.11/10
[  7/17] ExampleDPWellbore  1.47/10
[  8/17] ExampleEDPWellbore  3.65/10
[  9/17] ExampleIsothermalLeakyWell  1.84/10
[ 10/17] ExampleMandel  1.18/10
[ 11/17] ExampleThermalLeakyWell  2.87/10
[ 12/17] ExampleThermoporoelasticConsolidation  2.08/10
[ 13/17] TutorialPoroelasticity  3.93/10
[ 14/17] TutorialSneddon  1.79/10
[ 15/17] buckleyLeverettProblem  2.52/10
[ 16/17] kgdExperimentValidation  4.13/10
[ 17/17] pknViscosityDominated  2.15/10

============================================================
  Batch evaluation: 17/17 succeeded
============================================================
  Scored-only     overall_score mean: 3.160  (median 2.520, range 0.23-10.00)
  Failures-as-0   overall_score mean: 3.160
  Scored-only     treesim       mean: 0.316
  Failures-as-0   treesim       mean: 0.316
  Pass ≥7: 1/17 (of scored)

  10.00/10  AdvancedExampleModifiedCamClay  treesim=1.000
   5.67/10  AdvancedExampleDruckerPrager  treesim=0.567
   5.11/10  AdvancedExampleViscoDruckerPrager  treesim=0.511
   4.65/10  AdvancedExampleExtendedDruckerPrager  treesim=0.465
   4.13/10  kgdExperimentValidation  treesim=0.413
   3.93/10  TutorialPoroelasticity  treesim=0.393
   3.65/10  ExampleEDPWellbore  treesim=0.365
   2.87/10  ExampleThermalLeakyWell  treesim=0.287
   2.52/10  buckleyLeverettProblem  treesim=0.252
   2.15/10  pknViscosityDominated  treesim=0.215
   2.08/10  ExampleThermoporoelasticConsolidation  treesim=0.208
   1.84/10  ExampleIsothermalLeakyWell  treesim=0.184
   1.79/10  TutorialSneddon  treesim=0.179
   1.47/10  ExampleDPWellbore  treesim=0.147
   1.18/10  ExampleMandel  treesim=0.118
   0.45/10  AdvancedExampleCasedContactThermoElasticWellbore  treesim=0.045
   0.23/10  AdvancedExampleDeviatedElasticWellbore  treesim=0.023

Wrote misc/memory_artifacts/scores/mem_placebo_s1_summary.json
