[  1/17] AdvancedExampleCasedContactThermoElasticWellbore  1.50/10
[  2/17] AdvancedExampleDeviatedElasticWellbore  2.07/10
[  3/17] AdvancedExampleDruckerPrager  4.47/10
[  4/17] AdvancedExampleExtendedDruckerPrager  4.08/10
[  5/17] AdvancedExampleModifiedCamClay  2.59/10
[  6/17] AdvancedExampleViscoDruckerPrager  9.50/10
[  7/17] ExampleDPWellbore  3.87/10
[  8/17] ExampleEDPWellbore  2.94/10
[  9/17] ExampleIsothermalLeakyWell  2.50/10
[ 10/17] ExampleMandel  1.57/10
[ 11/17] ExampleThermalLeakyWell  9.81/10
[ 12/17] ExampleThermoporoelasticConsolidation  3.73/10
[ 13/17] TutorialPoroelasticity  3.45/10
[ 14/17] TutorialSneddon  1.18/10
[ 15/17] buckleyLeverettProblem  9.56/10
[ 16/17] kgdExperimentValidation  2.71/10
[ 17/17] pknViscosityDominated  3.24/10

============================================================
  Batch evaluation: 17/17 succeeded
============================================================
  Scored-only     overall_score mean: 4.045  (median 3.240, range 1.18-9.81)
  Failures-as-0   overall_score mean: 4.045
  Scored-only     treesim       mean: 0.405
  Failures-as-0   treesim       mean: 0.405
  Pass ≥7: 3/17 (of scored)

   9.81/10  ExampleThermalLeakyWell  treesim=0.981
   9.56/10  buckleyLeverettProblem  treesim=0.956
   9.50/10  AdvancedExampleViscoDruckerPrager  treesim=0.950
   4.47/10  AdvancedExampleDruckerPrager  treesim=0.447
   4.08/10  AdvancedExampleExtendedDruckerPrager  treesim=0.408
   3.87/10  ExampleDPWellbore  treesim=0.387
   3.73/10  ExampleThermoporoelasticConsolidation  treesim=0.373
   3.45/10  TutorialPoroelasticity  treesim=0.345
   3.24/10  pknViscosityDominated  treesim=0.324
   2.94/10  ExampleEDPWellbore  treesim=0.294
   2.71/10  kgdExperimentValidation  treesim=0.271
   2.59/10  AdvancedExampleModifiedCamClay  treesim=0.259
   2.50/10  ExampleIsothermalLeakyWell  treesim=0.250
   2.07/10  AdvancedExampleDeviatedElasticWellbore  treesim=0.207
   1.57/10  ExampleMandel  treesim=0.157
   1.50/10  AdvancedExampleCasedContactThermoElasticWellbore  treesim=0.150
   1.18/10  TutorialSneddon  treesim=0.118

Wrote misc/memory_artifacts/scores/mem_placebo_s3_summary.json
