[  1/17] AdvancedExampleCasedContactThermoElasticWellbore  1.91/10
[  2/17] AdvancedExampleDeviatedElasticWellbore  1.21/10
[  3/17] AdvancedExampleDruckerPrager  5.21/10
[  4/17] AdvancedExampleExtendedDruckerPrager  5.13/10
[  5/17] AdvancedExampleModifiedCamClay  5.09/10
[  6/17] AdvancedExampleViscoDruckerPrager  4.57/10
[  7/17] ExampleDPWellbore  1.45/10
[  8/17] ExampleEDPWellbore  9.89/10
[  9/17] ExampleIsothermalLeakyWell  3.48/10
[ 10/17] ExampleMandel  9.70/10
[ 11/17] ExampleThermalLeakyWell  4.24/10
[ 12/17] ExampleThermoporoelasticConsolidation  1.80/10
[ 13/17] TutorialPoroelasticity  0.00/10
[ 14/17] TutorialSneddon  0.69/10
[ 15/17] buckleyLeverettProblem  5.92/10
[ 16/17] kgdExperimentValidation  3.20/10
[ 17/17] pknViscosityDominated  3.98/10

============================================================
  Batch evaluation: 17/17 succeeded
============================================================
  Scored-only     overall_score mean: 3.969  (median 3.980, range 0.00-9.89)
  Failures-as-0   overall_score mean: 3.969
  Scored-only     treesim       mean: 0.397
  Failures-as-0   treesim       mean: 0.397
  Pass ≥7: 2/17 (of scored)

   9.89/10  ExampleEDPWellbore  treesim=0.989
   9.70/10  ExampleMandel  treesim=0.970
   5.92/10  buckleyLeverettProblem  treesim=0.592
   5.21/10  AdvancedExampleDruckerPrager  treesim=0.521
   5.13/10  AdvancedExampleExtendedDruckerPrager  treesim=0.513
   5.09/10  AdvancedExampleModifiedCamClay  treesim=0.509
   4.57/10  AdvancedExampleViscoDruckerPrager  treesim=0.457
   4.24/10  ExampleThermalLeakyWell  treesim=0.424
   3.98/10  pknViscosityDominated  treesim=0.398
   3.48/10  ExampleIsothermalLeakyWell  treesim=0.348
   3.20/10  kgdExperimentValidation  treesim=0.320
   1.91/10  AdvancedExampleCasedContactThermoElasticWellbore  treesim=0.191
   1.80/10  ExampleThermoporoelasticConsolidation  treesim=0.180
   1.45/10  ExampleDPWellbore  treesim=0.145
   1.21/10  AdvancedExampleDeviatedElasticWellbore  treesim=0.121
   0.69/10  TutorialSneddon  treesim=0.069
   0.00/10  TutorialPoroelasticity  treesim=0.000

Wrote misc/memory_artifacts/scores/mem_placebo_s2_summary.json
