[  1/17] AdvancedExampleCasedContactThermoElasticWellbore  9.91/10
[  2/17] AdvancedExampleDeviatedElasticWellbore  1.04/10
[  3/17] AdvancedExampleDruckerPrager  9.38/10
[  4/17] AdvancedExampleExtendedDruckerPrager  9.53/10
[  5/17] AdvancedExampleModifiedCamClay  10.00/10
[  6/17] AdvancedExampleViscoDruckerPrager  3.73/10
[  7/17] ExampleDPWellbore  9.78/10
[  8/17] ExampleEDPWellbore  9.91/10
[  9/17] ExampleIsothermalLeakyWell  9.64/10
[ 10/17] ExampleMandel  4.12/10
[ 11/17] ExampleThermalLeakyWell  3.81/10
[ 12/17] ExampleThermoporoelasticConsolidation  2.77/10
[ 13/17] TutorialPoroelasticity  4.47/10
[ 14/17] TutorialSneddon  1.28/10
[ 15/17] buckleyLeverettProblem  9.64/10
[ 16/17] kgdExperimentValidation  3.94/10
[ 17/17] pknViscosityDominated  9.99/10

============================================================
  Batch evaluation: 17/17 succeeded
============================================================
  Scored-only     overall_score mean: 6.644  (median 9.380, range 1.04-10.00)
  Failures-as-0   overall_score mean: 6.644
  Scored-only     treesim       mean: 0.664
  Failures-as-0   treesim       mean: 0.664
  Pass ≥7: 9/17 (of scored)

  10.00/10  AdvancedExampleModifiedCamClay  treesim=1.000
   9.99/10  pknViscosityDominated  treesim=0.999
   9.91/10  AdvancedExampleCasedContactThermoElasticWellbore  treesim=0.991
   9.91/10  ExampleEDPWellbore  treesim=0.991
   9.78/10  ExampleDPWellbore  treesim=0.978
   9.64/10  ExampleIsothermalLeakyWell  treesim=0.964
   9.64/10  buckleyLeverettProblem  treesim=0.964
   9.53/10  AdvancedExampleExtendedDruckerPrager  treesim=0.953
   9.38/10  AdvancedExampleDruckerPrager  treesim=0.938
   4.47/10  TutorialPoroelasticity  treesim=0.448
   4.12/10  ExampleMandel  treesim=0.412
   3.94/10  kgdExperimentValidation  treesim=0.394
   3.81/10  ExampleThermalLeakyWell  treesim=0.381
   3.73/10  AdvancedExampleViscoDruckerPrager  treesim=0.373
   2.77/10  ExampleThermoporoelasticConsolidation  treesim=0.277
   1.28/10  TutorialSneddon  treesim=0.128
   1.04/10  AdvancedExampleDeviatedElasticWellbore  treesim=0.104

Wrote misc/pac1/scores/e23_summary.json
